{"/Users/usuario/prueba-tecnica/ruta-optima/src/app.ts": {"path":"/Users/usuario/prueba-tecnica/ruta-optima/src/app.ts","statementMap":{"0":{"start":{"line":1,"column":0},"end":{"line":1,"column":26}},"1":{"start":{"line":2,"column":0},"end":{"line":2,"column":28}},"2":{"start":{"line":3,"column":0},"end":{"line":3,"column":16}},"3":{"start":{"line":4,"column":0},"end":{"line":4,"column":30}},"4":{"start":{"line":5,"column":0},"end":{"line":5,"column":46}},"5":{"start":{"line":6,"column":0},"end":{"line":6,"column":37}},"6":{"start":{"line":7,"column":0},"end":{"line":7,"column":33}},"7":{"start":{"line":8,"column":0},"end":{"line":8,"column":43}},"8":{"start":{"line":9,"column":0},"end":{"line":9,"column":50}},"9":{"start":{"line":10,"column":0},"end":{"line":10,"column":38}},"10":{"start":{"line":11,"column":0},"end":{"line":11,"column":37}},"11":{"start":{"line":12,"column":0},"end":{"line":12,"column":65}},"12":{"start":{"line":13,"column":13},"end":{"line":15,"column":3}},"13":{"start":{"line":14,"column":19},"end":{"line":14,"column":50}},"14":{"start":{"line":17,"column":0},"end":{"line":19,"column":3}},"15":{"start":{"line":20,"column":0},"end":{"line":26,"column":3}},"16":{"start":{"line":21,"column":2},"end":{"line":25,"column":3}},"17":{"start":{"line":22,"column":4},"end":{"line":22,"column":30}},"18":{"start":{"line":24,"column":4},"end":{"line":24,"column":87}},"19":{"start":{"line":27,"column":0},"end":{"line":27,"column":25}},"20":{"start":{"line":29,"column":0},"end":{"line":29,"column":53}},"21":{"start":{"line":31,"column":0},"end":{"line":31,"column":53}}},"fnMap":{"0":{"name":"(anonymous_1)","decl":{"start":{"line":14,"column":12},"end":{"line":14,"column":13}},"loc":{"start":{"line":14,"column":19},"end":{"line":14,"column":50}}},"1":{"name":"(anonymous_2)","decl":{"start":{"line":20,"column":37},"end":{"line":20,"column":42}},"loc":{"start":{"line":20,"column":75},"end":{"line":26,"column":1}}}},"branchMap":{"0":{"loc":{"start":{"line":18,"column":10},"end":{"line":18,"column":61}},"type":"binary-expr","locations":[{"start":{"line":18,"column":10},"end":{"line":18,"column":32}},{"start":{"line":18,"column":36},"end":{"line":18,"column":61}}]}},"s":{"0":3,"1":3,"2":3,"3":3,"4":3,"5":3,"6":3,"7":3,"8":3,"9":3,"10":3,"11":3,"12":3,"13":7,"14":3,"15":3,"16":2,"17":2,"18":0,"19":3,"20":3,"21":3},"f":{"0":7,"1":2},"b":{"0":[3,0]}}
,"/Users/usuario/prueba-tecnica/ruta-optima/src/api/middlewares/CommonMiddleware.ts": {"path":"/Users/usuario/prueba-tecnica/ruta-optima/src/api/middlewares/CommonMiddleware.ts","statementMap":{"0":{"start":{"line":2,"column":0},"end":{"line":2,"column":33}},"1":{"start":{"line":3,"column":0},"end":{"line":3,"column":37}},"2":{"start":{"line":4,"column":0},"end":{"line":4,"column":41}},"3":{"start":{"line":8,"column":27},"end":{"line":45,"column":1}},"4":{"start":{"line":9,"column":4},"end":{"line":9,"column":31}},"5":{"start":{"line":10,"column":4},"end":{"line":10,"column":35}},"6":{"start":{"line":11,"column":4},"end":{"line":20,"column":7}},"7":{"start":{"line":22,"column":4},"end":{"line":44,"column":7}},"8":{"start":{"line":23,"column":66},"end":{"line":23,"column":69}},"9":{"start":{"line":24,"column":8},"end":{"line":43,"column":10}},"10":{"start":{"line":8,"column":13},"end":{"line":8,"column":27}}},"fnMap":{"0":{"name":"(anonymous_1)","decl":{"start":{"line":8,"column":27},"end":{"line":8,"column":28}},"loc":{"start":{"line":8,"column":66},"end":{"line":45,"column":1}}},"1":{"name":"(anonymous_2)","decl":{"start":{"line":22,"column":48},"end":{"line":22,"column":53}},"loc":{"start":{"line":22,"column":78},"end":{"line":44,"column":5}}}},"branchMap":{"0":{"loc":{"start":{"line":26,"column":29},"end":{"line":26,"column":81}},"type":"binary-expr","locations":[{"start":{"line":26,"column":29},"end":{"line":26,"column":53}},{"start":{"line":26,"column":57},"end":{"line":26,"column":81}}]},"1":{"loc":{"start":{"line":32,"column":26},"end":{"line":32,"column":36}},"type":"binary-expr","locations":[{"start":{"line":32,"column":26},"end":{"line":32,"column":30}},{"start":{"line":32,"column":34},"end":{"line":32,"column":36}}]}},"s":{"0":3,"1":3,"2":3,"3":3,"4":3,"5":3,"6":3,"7":3,"8":7,"9":7,"10":3},"f":{"0":3,"1":7},"b":{"0":[7,0],"1":[7,5]}}
,"/Users/usuario/prueba-tecnica/ruta-optima/src/api/routers/agregarEventoRouter.ts": {"path":"/Users/usuario/prueba-tecnica/ruta-optima/src/api/routers/agregarEventoRouter.ts","statementMap":{"0":{"start":{"line":2,"column":0},"end":{"line":2,"column":66}},"1":{"start":{"line":3,"column":0},"end":{"line":3,"column":78}},"2":{"start":{"line":4,"column":0},"end":{"line":4,"column":80}},"3":{"start":{"line":6,"column":0},"end":{"line":6,"column":61}},"4":{"start":{"line":8,"column":35},"end":{"line":16,"column":1}},"5":{"start":{"line":9,"column":26},"end":{"line":9,"column":68}},"6":{"start":{"line":10,"column":17},"end":{"line":10,"column":67}},"7":{"start":{"line":11,"column":21},"end":{"line":11,"column":60}},"8":{"start":{"line":12,"column":4},"end":{"line":14,"column":5}},"9":{"start":{"line":13,"column":8},"end":{"line":13,"column":62}},"10":{"start":{"line":15,"column":4},"end":{"line":15,"column":82}},"11":{"start":{"line":8,"column":13},"end":{"line":8,"column":35}}},"fnMap":{"0":{"name":"(anonymous_0)","decl":{"start":{"line":8,"column":35},"end":{"line":8,"column":40}},"loc":{"start":{"line":8,"column":116},"end":{"line":16,"column":1}}}},"branchMap":{"0":{"loc":{"start":{"line":12,"column":4},"end":{"line":14,"column":5}},"type":"if","locations":[{"start":{"line":12,"column":4},"end":{"line":14,"column":5}}]}},"s":{"0":3,"1":3,"2":3,"3":3,"4":3,"5":2,"6":2,"7":2,"8":2,"9":1,"10":1,"11":3},"f":{"0":2},"b":{"0":[1]}}
,"/Users/usuario/prueba-tecnica/ruta-optima/src/api/routers/calcularRutaOptimaRouter.ts": {"path":"/Users/usuario/prueba-tecnica/ruta-optima/src/api/routers/calcularRutaOptimaRouter.ts","statementMap":{"0":{"start":{"line":2,"column":0},"end":{"line":2,"column":66}},"1":{"start":{"line":3,"column":0},"end":{"line":3,"column":78}},"2":{"start":{"line":4,"column":0},"end":{"line":4,"column":74}},"3":{"start":{"line":5,"column":0},"end":{"line":5,"column":61}},"4":{"start":{"line":8,"column":40},"end":{"line":16,"column":1}},"5":{"start":{"line":9,"column":27},"end":{"line":9,"column":76}},"6":{"start":{"line":10,"column":17},"end":{"line":10,"column":69}},"7":{"start":{"line":11,"column":21},"end":{"line":11,"column":58}},"8":{"start":{"line":12,"column":4},"end":{"line":14,"column":5}},"9":{"start":{"line":13,"column":8},"end":{"line":13,"column":55}},"10":{"start":{"line":15,"column":4},"end":{"line":15,"column":128}},"11":{"start":{"line":8,"column":13},"end":{"line":8,"column":40}},"12":{"start":{"line":18,"column":36},"end":{"line":26,"column":1}},"13":{"start":{"line":19,"column":27},"end":{"line":19,"column":76}},"14":{"start":{"line":20,"column":17},"end":{"line":20,"column":69}},"15":{"start":{"line":21,"column":21},"end":{"line":21,"column":62}},"16":{"start":{"line":22,"column":4},"end":{"line":24,"column":5}},"17":{"start":{"line":23,"column":8},"end":{"line":23,"column":62}},"18":{"start":{"line":25,"column":4},"end":{"line":25,"column":128}},"19":{"start":{"line":18,"column":13},"end":{"line":18,"column":36}}},"fnMap":{"0":{"name":"(anonymous_0)","decl":{"start":{"line":8,"column":40},"end":{"line":8,"column":45}},"loc":{"start":{"line":8,"column":121},"end":{"line":16,"column":1}}},"1":{"name":"(anonymous_1)","decl":{"start":{"line":18,"column":36},"end":{"line":18,"column":41}},"loc":{"start":{"line":18,"column":117},"end":{"line":26,"column":1}}}},"branchMap":{"0":{"loc":{"start":{"line":12,"column":4},"end":{"line":14,"column":5}},"type":"if","locations":[{"start":{"line":12,"column":4},"end":{"line":14,"column":5}}]},"1":{"loc":{"start":{"line":22,"column":4},"end":{"line":24,"column":5}},"type":"if","locations":[{"start":{"line":22,"column":4},"end":{"line":24,"column":5}}]}},"s":{"0":3,"1":3,"2":3,"3":3,"4":3,"5":2,"6":2,"7":2,"8":2,"9":2,"10":0,"11":3,"12":3,"13":2,"14":2,"15":2,"16":2,"17":2,"18":0,"19":3},"f":{"0":2,"1":2},"b":{"0":[2],"1":[2]}}
,"/Users/usuario/prueba-tecnica/ruta-optima/src/api/routers/generarTokenRouter.ts": {"path":"/Users/usuario/prueba-tecnica/ruta-optima/src/api/routers/generarTokenRouter.ts","statementMap":{"0":{"start":{"line":3,"column":35},"end":{"line":11,"column":1}},"1":{"start":{"line":7,"column":15},"end":{"line":7,"column":46}},"2":{"start":{"line":8,"column":17},"end":{"line":8,"column":71}},"3":{"start":{"line":10,"column":2},"end":{"line":10,"column":24}},"4":{"start":{"line":3,"column":13},"end":{"line":3,"column":35}}},"fnMap":{"0":{"name":"(anonymous_0)","decl":{"start":{"line":3,"column":35},"end":{"line":3,"column":40}},"loc":{"start":{"line":6,"column":19},"end":{"line":11,"column":1}}}},"branchMap":{},"s":{"0":3,"1":1,"2":1,"3":1,"4":3},"f":{"0":1},"b":{}}
,"/Users/usuario/prueba-tecnica/ruta-optima/src/api/routers/index.ts": {"path":"/Users/usuario/prueba-tecnica/ruta-optima/src/api/routers/index.ts","statementMap":{"0":{"start":{"line":1,"column":0},"end":{"line":1,"column":60}},"1":{"start":{"line":2,"column":0},"end":{"line":2,"column":92}},"2":{"start":{"line":4,"column":0},"end":{"line":4,"column":59}},"3":{"start":{"line":7,"column":26},"end":{"line":12,"column":1}},"4":{"start":{"line":8,"column":4},"end":{"line":8,"column":130}},"5":{"start":{"line":9,"column":4},"end":{"line":9,"column":61}},"6":{"start":{"line":10,"column":4},"end":{"line":10,"column":77}},"7":{"start":{"line":11,"column":4},"end":{"line":11,"column":null}},"8":{"start":{"line":7,"column":13},"end":{"line":7,"column":26}}},"fnMap":{"0":{"name":"(anonymous_0)","decl":{"start":{"line":7,"column":26},"end":{"line":7,"column":31}},"loc":{"start":{"line":7,"column":80},"end":{"line":12,"column":1}}}},"branchMap":{},"s":{"0":3,"1":3,"2":3,"3":3,"4":3,"5":3,"6":3,"7":3,"8":3},"f":{"0":3},"b":{}}
,"/Users/usuario/prueba-tecnica/ruta-optima/src/api/schemas/IEquipoInSchema.ts": {"path":"/Users/usuario/prueba-tecnica/ruta-optima/src/api/schemas/IEquipoInSchema.ts","statementMap":{"0":{"start":{"line":1,"column":0},"end":{"line":1,"column":22}},"1":{"start":{"line":4,"column":13},"end":{"line":6,"column":3}}},"fnMap":{},"branchMap":{},"s":{"0":3,"1":3},"f":{},"b":{}}
,"/Users/usuario/prueba-tecnica/ruta-optima/src/api/schemas/IEventoInSchema.ts": {"path":"/Users/usuario/prueba-tecnica/ruta-optima/src/api/schemas/IEventoInSchema.ts","statementMap":{"0":{"start":{"line":2,"column":0},"end":{"line":2,"column":22}},"1":{"start":{"line":4,"column":13},"end":{"line":11,"column":3}}},"fnMap":{},"branchMap":{},"s":{"0":3,"1":3},"f":{},"b":{}}
,"/Users/usuario/prueba-tecnica/ruta-optima/src/configuration/DependecyContainer.ts": {"path":"/Users/usuario/prueba-tecnica/ruta-optima/src/configuration/DependecyContainer.ts","statementMap":{"0":{"start":{"line":1,"column":0},"end":{"line":1,"column":38}},"1":{"start":{"line":3,"column":0},"end":{"line":3,"column":56}},"2":{"start":{"line":4,"column":0},"end":{"line":4,"column":101}},"3":{"start":{"line":5,"column":0},"end":{"line":5,"column":91}},"4":{"start":{"line":6,"column":0},"end":{"line":6,"column":65}},"5":{"start":{"line":7,"column":0},"end":{"line":7,"column":70}},"6":{"start":{"line":8,"column":0},"end":{"line":8,"column":90}},"7":{"start":{"line":9,"column":0},"end":{"line":9,"column":106}},"8":{"start":{"line":10,"column":0},"end":{"line":10,"column":86}},"9":{"start":{"line":11,"column":0},"end":{"line":11,"column":71}},"10":{"start":{"line":12,"column":0},"end":{"line":12,"column":88}},"11":{"start":{"line":14,"column":0},"end":{"line":14,"column":80}},"12":{"start":{"line":15,"column":0},"end":{"line":15,"column":94}},"13":{"start":{"line":16,"column":13},"end":{"line":16,"column":52}},"14":{"start":{"line":18,"column":41},"end":{"line":51,"column":1}},"15":{"start":{"line":19,"column":4},"end":{"line":19,"column":83}},"16":{"start":{"line":20,"column":4},"end":{"line":20,"column":76}},"17":{"start":{"line":21,"column":4},"end":{"line":21,"column":79}},"18":{"start":{"line":22,"column":4},"end":{"line":22,"column":100}},"19":{"start":{"line":23,"column":4},"end":{"line":23,"column":87}},"20":{"start":{"line":24,"column":4},"end":{"line":26,"column":24}},"21":{"start":{"line":27,"column":4},"end":{"line":29,"column":24}},"22":{"start":{"line":30,"column":4},"end":{"line":32,"column":24}},"23":{"start":{"line":33,"column":4},"end":{"line":35,"column":24}},"24":{"start":{"line":36,"column":4},"end":{"line":38,"column":24}},"25":{"start":{"line":39,"column":4},"end":{"line":41,"column":28}},"26":{"start":{"line":18,"column":13},"end":{"line":18,"column":41}}},"fnMap":{"0":{"name":"(anonymous_0)","decl":{"start":{"line":18,"column":41},"end":{"line":18,"column":50}},"loc":{"start":{"line":18,"column":52},"end":{"line":51,"column":1}}}},"branchMap":{},"s":{"0":3,"1":3,"2":3,"3":3,"4":3,"5":3,"6":3,"7":3,"8":3,"9":3,"10":3,"11":3,"12":3,"13":3,"14":3,"15":3,"16":3,"17":3,"18":3,"19":3,"20":3,"21":3,"22":3,"23":3,"24":3,"25":3,"26":3},"f":{"0":3},"b":{}}
,"/Users/usuario/prueba-tecnica/ruta-optima/src/configuration/TypesDependencies.ts": {"path":"/Users/usuario/prueba-tecnica/ruta-optima/src/configuration/TypesDependencies.ts","statementMap":{"0":{"start":{"line":1,"column":13},"end":{"line":10,"column":2}}},"fnMap":{},"branchMap":{},"s":{"0":3},"f":{},"b":{}}
,"/Users/usuario/prueba-tecnica/ruta-optima/src/core/application/services/CalcularRutasAppService.ts": {"path":"/Users/usuario/prueba-tecnica/ruta-optima/src/core/application/services/CalcularRutasAppService.ts","statementMap":{"0":{"start":{"line":1,"column":0},"end":{"line":1,"column":39}},"1":{"start":{"line":2,"column":0},"end":{"line":2,"column":81}},"2":{"start":{"line":4,"column":0},"end":{"line":4,"column":70}},"3":{"start":{"line":7,"column":0},"end":{"line":7,"column":60}},"4":{"start":{"line":10,"column":0},"end":{"line":10,"column":37}},"5":{"start":{"line":13,"column":0},"end":{"line":13,"column":69}},"6":{"start":{"line":15,"column":7},"end":{"line":150,"column":null}},"7":{"start":{"line":16,"column":10},"end":{"line":18,"column":4}},"8":{"start":{"line":19,"column":10},"end":{"line":21,"column":4}},"9":{"start":{"line":22,"column":10},"end":{"line":24,"column":4}},"10":{"start":{"line":25,"column":10},"end":{"line":25,"column":73}},"11":{"start":{"line":27,"column":10},"end":{"line":29,"column":4}},"12":{"start":{"line":31,"column":4},"end":{"line":71,"column":5}},"13":{"start":{"line":32,"column":31},"end":{"line":32,"column":96}},"14":{"start":{"line":33,"column":8},"end":{"line":35,"column":9}},"15":{"start":{"line":34,"column":12},"end":{"line":34,"column":78}},"16":{"start":{"line":36,"column":31},"end":{"line":36,"column":94}},"17":{"start":{"line":37,"column":23},"end":{"line":37,"column":89}},"18":{"start":{"line":38,"column":8},"end":{"line":38,"column":71}},"19":{"start":{"line":38,"column":59},"end":{"line":38,"column":71}},"20":{"start":{"line":39,"column":39},"end":{"line":44,"column":null}},"21":{"start":{"line":45,"column":8},"end":{"line":45,"column":32}},"22":{"start":{"line":47,"column":28},"end":{"line":47,"column":101}},"23":{"start":{"line":47,"column":48},"end":{"line":47,"column":100}},"24":{"start":{"line":48,"column":8},"end":{"line":48,"column":33}},"25":{"start":{"line":50,"column":33},"end":{"line":50,"column":91}},"26":{"start":{"line":51,"column":8},"end":{"line":51,"column":33}},"27":{"start":{"line":53,"column":40},"end":{"line":57,"column":59}},"28":{"start":{"line":53,"column":81},"end":{"line":55,"column":22}},"29":{"start":{"line":57,"column":29},"end":{"line":57,"column":43}},"30":{"start":{"line":58,"column":12},"end":{"line":58,"column":37}},"31":{"start":{"line":60,"column":8},"end":{"line":60,"column":49}},"32":{"start":{"line":60,"column":37},"end":{"line":60,"column":49}},"33":{"start":{"line":61,"column":8},"end":{"line":61,"column":null}},"34":{"start":{"line":62,"column":23},"end":{"line":62,"column":90}},"35":{"start":{"line":62,"column":44},"end":{"line":62,"column":88}},"36":{"start":{"line":63,"column":8},"end":{"line":63,"column":33}},"37":{"start":{"line":65,"column":28},"end":{"line":65,"column":69}},"38":{"start":{"line":66,"column":30},"end":{"line":66,"column":89}},"39":{"start":{"line":67,"column":8},"end":{"line":67,"column":157}},"40":{"start":{"line":69,"column":8},"end":{"line":69,"column":65}},"41":{"start":{"line":70,"column":8},"end":{"line":70,"column":20}},"42":{"start":{"line":75,"column":4},"end":{"line":111,"column":7}},"43":{"start":{"line":76,"column":26},"end":{"line":76,"column":66}},"44":{"start":{"line":76,"column":42},"end":{"line":76,"column":65}},"45":{"start":{"line":77,"column":26},"end":{"line":77,"column":55}},"46":{"start":{"line":79,"column":8},"end":{"line":79,"column":56}},"47":{"start":{"line":81,"column":24},"end":{"line":81,"column":58}},"48":{"start":{"line":83,"column":8},"end":{"line":110,"column":11}},"49":{"start":{"line":84,"column":12},"end":{"line":88,"column":13}},"50":{"start":{"line":85,"column":16},"end":{"line":85,"column":69}},"51":{"start":{"line":86,"column":16},"end":{"line":86,"column":30}},"52":{"start":{"line":87,"column":16},"end":{"line":87,"column":23}},"53":{"start":{"line":89,"column":12},"end":{"line":93,"column":13}},"54":{"start":{"line":90,"column":16},"end":{"line":90,"column":74}},"55":{"start":{"line":91,"column":16},"end":{"line":91,"column":31}},"56":{"start":{"line":92,"column":16},"end":{"line":92,"column":23}},"57":{"start":{"line":95,"column":12},"end":{"line":95,"column":72}},"58":{"start":{"line":97,"column":12},"end":{"line":109,"column":13}},"59":{"start":{"line":98,"column":39},"end":{"line":98,"column":58}},"60":{"start":{"line":99,"column":16},"end":{"line":105,"column":17}},"61":{"start":{"line":100,"column":39},"end":{"line":100,"column":74}},"62":{"start":{"line":101,"column":35},"end":{"line":101,"column":57}},"63":{"start":{"line":102,"column":20},"end":{"line":102,"column":36}},"64":{"start":{"line":104,"column":20},"end":{"line":104,"column":91}},"65":{"start":{"line":107,"column":16},"end":{"line":107,"column":84}},"66":{"start":{"line":108,"column":16},"end":{"line":108,"column":35}},"67":{"start":{"line":124,"column":4},"end":{"line":124,"column":54}},"68":{"start":{"line":124,"column":39},"end":{"line":124,"column":52}},"69":{"start":{"line":128,"column":4},"end":{"line":146,"column":5}},"70":{"start":{"line":129,"column":31},"end":{"line":129,"column":96}},"71":{"start":{"line":130,"column":8},"end":{"line":142,"column":9}},"72":{"start":{"line":131,"column":28},"end":{"line":131,"column":93}},"73":{"start":{"line":132,"column":12},"end":{"line":138,"column":13}},"74":{"start":{"line":133,"column":36},"end":{"line":133,"column":104}},"75":{"start":{"line":133,"column":70},"end":{"line":133,"column":100}},"76":{"start":{"line":134,"column":35},"end":{"line":134,"column":74}},"77":{"start":{"line":134,"column":57},"end":{"line":134,"column":73}},"78":{"start":{"line":135,"column":16},"end":{"line":135,"column":null}},"79":{"start":{"line":136,"column":16},"end":{"line":136,"column":null}},"80":{"start":{"line":137,"column":16},"end":{"line":137,"column":null}},"81":{"start":{"line":139,"column":12},"end":{"line":139,"column":null}},"82":{"start":{"line":141,"column":12},"end":{"line":141,"column":null}},"83":{"start":{"line":144,"column":8},"end":{"line":144,"column":67}},"84":{"start":{"line":145,"column":8},"end":{"line":145,"column":99}},"85":{"start":{"line":15,"column":13},"end":{"line":15,"column":36}},"86":{"start":{"line":15,"column":13},"end":{"line":150,"column":null}}},"fnMap":{"0":{"name":"(anonymous_1)","decl":{"start":{"line":15,"column":7},"end":{"line":15,"column":13}},"loc":{"start":{"line":15,"column":7},"end":{"line":150,"column":1}}},"1":{"name":"(anonymous_2)","decl":{"start":{"line":30,"column":2},"end":{"line":30,"column":7}},"loc":{"start":{"line":30,"column":34},"end":{"line":72,"column":1}}},"2":{"name":"(anonymous_3)","decl":{"start":{"line":47,"column":39},"end":{"line":47,"column":44}},"loc":{"start":{"line":47,"column":48},"end":{"line":47,"column":100}}},"3":{"name":"(anonymous_4)","decl":{"start":{"line":53,"column":61},"end":{"line":53,"column":62}},"loc":{"start":{"line":53,"column":81},"end":{"line":55,"column":22}}},"4":{"name":"(anonymous_5)","decl":{"start":{"line":57,"column":20},"end":{"line":57,"column":25}},"loc":{"start":{"line":57,"column":29},"end":{"line":57,"column":43}}},"5":{"name":"(anonymous_6)","decl":{"start":{"line":62,"column":38},"end":{"line":62,"column":39}},"loc":{"start":{"line":62,"column":44},"end":{"line":62,"column":88}}},"6":{"name":"(anonymous_7)","decl":{"start":{"line":74,"column":2},"end":{"line":74,"column":7}},"loc":{"start":{"line":74,"column":78},"end":{"line":112,"column":1}}},"7":{"name":"(anonymous_8)","decl":{"start":{"line":75,"column":23},"end":{"line":75,"column":24}},"loc":{"start":{"line":75,"column":43},"end":{"line":111,"column":5}}},"8":{"name":"(anonymous_9)","decl":{"start":{"line":76,"column":37},"end":{"line":76,"column":38}},"loc":{"start":{"line":76,"column":42},"end":{"line":76,"column":65}}},"9":{"name":"(anonymous_10)","decl":{"start":{"line":83,"column":22},"end":{"line":83,"column":23}},"loc":{"start":{"line":83,"column":48},"end":{"line":110,"column":9}}},"10":{"name":"(anonymous_11)","decl":{"start":{"line":123,"column":0},"end":{"line":123,"column":13}},"loc":{"start":{"line":123,"column":59},"end":{"line":125,"column":3}}},"11":{"name":"(anonymous_12)","decl":{"start":{"line":124,"column":30},"end":{"line":124,"column":35}},"loc":{"start":{"line":124,"column":39},"end":{"line":124,"column":52}}},"12":{"name":"(anonymous_13)","decl":{"start":{"line":127,"column":0},"end":{"line":127,"column":5}},"loc":{"start":{"line":127,"column":36},"end":{"line":147,"column":1}}},"13":{"name":"(anonymous_14)","decl":{"start":{"line":133,"column":51},"end":{"line":133,"column":52}},"loc":{"start":{"line":133,"column":70},"end":{"line":133,"column":100}}},"14":{"name":"(anonymous_15)","decl":{"start":{"line":134,"column":47},"end":{"line":134,"column":53}},"loc":{"start":{"line":134,"column":57},"end":{"line":134,"column":73}}}},"branchMap":{"0":{"loc":{"start":{"line":33,"column":8},"end":{"line":35,"column":9}},"type":"if","locations":[{"start":{"line":33,"column":8},"end":{"line":35,"column":9}}]},"1":{"loc":{"start":{"line":38,"column":8},"end":{"line":38,"column":71}},"type":"if","locations":[{"start":{"line":38,"column":8},"end":{"line":38,"column":71}}]},"2":{"loc":{"start":{"line":38,"column":12},"end":{"line":38,"column":57}},"type":"binary-expr","locations":[{"start":{"line":38,"column":12},"end":{"line":38,"column":31}},{"start":{"line":38,"column":35},"end":{"line":38,"column":57}}]},"3":{"loc":{"start":{"line":40,"column":21},"end":{"line":40,"column":62}},"type":"binary-expr","locations":[{"start":{"line":40,"column":21},"end":{"line":40,"column":50}},{"start":{"line":40,"column":54},"end":{"line":40,"column":62}}]},"4":{"loc":{"start":{"line":41,"column":22},"end":{"line":41,"column":66}},"type":"binary-expr","locations":[{"start":{"line":41,"column":22},"end":{"line":41,"column":52}},{"start":{"line":41,"column":56},"end":{"line":41,"column":66}}]},"5":{"loc":{"start":{"line":43,"column":23},"end":{"line":43,"column":97}},"type":"binary-expr","locations":[{"start":{"line":43,"column":23},"end":{"line":43,"column":52}},{"start":{"line":43,"column":56},"end":{"line":43,"column":97}}]},"6":{"loc":{"start":{"line":53,"column":81},"end":{"line":55,"column":22}},"type":"cond-expr","locations":[{"start":{"line":54,"column":18},"end":{"line":54,"column":128}},{"start":{"line":55,"column":18},"end":{"line":55,"column":22}}]},"7":{"loc":{"start":{"line":53,"column":81},"end":{"line":53,"column":121}},"type":"binary-expr","locations":[{"start":{"line":53,"column":81},"end":{"line":53,"column":92}},{"start":{"line":53,"column":96},"end":{"line":53,"column":121}}]},"8":{"loc":{"start":{"line":60,"column":8},"end":{"line":60,"column":49}},"type":"if","locations":[{"start":{"line":60,"column":8},"end":{"line":60,"column":49}}]},"9":{"loc":{"start":{"line":84,"column":12},"end":{"line":88,"column":13}},"type":"if","locations":[{"start":{"line":84,"column":12},"end":{"line":88,"column":13}}]},"10":{"loc":{"start":{"line":89,"column":12},"end":{"line":93,"column":13}},"type":"if","locations":[{"start":{"line":89,"column":12},"end":{"line":93,"column":13}}]},"11":{"loc":{"start":{"line":99,"column":16},"end":{"line":105,"column":17}},"type":"if","locations":[{"start":{"line":99,"column":16},"end":{"line":105,"column":17}},{"start":{"line":103,"column":23},"end":{"line":105,"column":17}}]},"12":{"loc":{"start":{"line":130,"column":8},"end":{"line":142,"column":9}},"type":"if","locations":[{"start":{"line":130,"column":8},"end":{"line":142,"column":9}},{"start":{"line":140,"column":14},"end":{"line":142,"column":9}}]},"13":{"loc":{"start":{"line":132,"column":12},"end":{"line":138,"column":13}},"type":"if","locations":[{"start":{"line":132,"column":12},"end":{"line":138,"column":13}}]}},"s":{"0":3,"1":3,"2":3,"3":3,"4":3,"5":3,"6":3,"7":2,"8":2,"9":2,"10":2,"11":2,"12":2,"13":2,"14":2,"15":1,"16":1,"17":1,"18":1,"19":0,"20":1,"21":1,"22":1,"23":3,"24":1,"25":1,"26":1,"27":1,"28":3,"29":3,"30":1,"31":1,"32":0,"33":1,"34":1,"35":4,"36":1,"37":1,"38":1,"39":1,"40":0,"41":0,"42":1,"43":1,"44":4,"45":1,"46":1,"47":1,"48":1,"49":1,"50":0,"51":0,"52":0,"53":1,"54":0,"55":0,"56":0,"57":1,"58":1,"59":1,"60":1,"61":1,"62":1,"63":1,"64":0,"65":0,"66":0,"67":1,"68":5,"69":2,"70":2,"71":2,"72":1,"73":1,"74":1,"75":1,"76":1,"77":1,"78":1,"79":1,"80":1,"81":0,"82":1,"83":0,"84":0,"85":3,"86":3},"f":{"0":2,"1":2,"2":3,"3":3,"4":3,"5":4,"6":1,"7":1,"8":4,"9":1,"10":1,"11":5,"12":2,"13":1,"14":1},"b":{"0":[1],"1":[0],"2":[1,1],"3":[1,0],"4":[1,0],"5":[1,0],"6":[3,0],"7":[3,3],"8":[0],"9":[0],"10":[0],"11":[1,0],"12":[1,1],"13":[1]}}
,"/Users/usuario/prueba-tecnica/ruta-optima/src/core/application/services/EventoAppService.ts": {"path":"/Users/usuario/prueba-tecnica/ruta-optima/src/core/application/services/EventoAppService.ts","statementMap":{"0":{"start":{"line":1,"column":0},"end":{"line":1,"column":39}},"1":{"start":{"line":2,"column":0},"end":{"line":2,"column":81}},"2":{"start":{"line":3,"column":0},"end":{"line":3,"column":70}},"3":{"start":{"line":9,"column":7},"end":{"line":33,"column":null}},"4":{"start":{"line":10,"column":10},"end":{"line":12,"column":4}},"5":{"start":{"line":13,"column":10},"end":{"line":15,"column":4}},"6":{"start":{"line":16,"column":10},"end":{"line":18,"column":4}},"7":{"start":{"line":21,"column":4},"end":{"line":31,"column":5}},"8":{"start":{"line":22,"column":29},"end":{"line":22,"column":94}},"9":{"start":{"line":23,"column":6},"end":{"line":26,"column":7}},"10":{"start":{"line":24,"column":8},"end":{"line":24,"column":72}},"11":{"start":{"line":25,"column":8},"end":{"line":25,"column":36}},"12":{"start":{"line":27,"column":6},"end":{"line":27,"column":null}},"13":{"start":{"line":29,"column":6},"end":{"line":29,"column":90}},"14":{"start":{"line":30,"column":6},"end":{"line":30,"column":18}},"15":{"start":{"line":9,"column":13},"end":{"line":9,"column":29}},"16":{"start":{"line":9,"column":13},"end":{"line":33,"column":null}}},"fnMap":{"0":{"name":"(anonymous_1)","decl":{"start":{"line":9,"column":7},"end":{"line":9,"column":13}},"loc":{"start":{"line":9,"column":7},"end":{"line":33,"column":1}}},"1":{"name":"(anonymous_2)","decl":{"start":{"line":19,"column":2},"end":{"line":19,"column":7}},"loc":{"start":{"line":19,"column":37},"end":{"line":32,"column":3}}}},"branchMap":{"0":{"loc":{"start":{"line":23,"column":6},"end":{"line":26,"column":7}},"type":"if","locations":[{"start":{"line":23,"column":6},"end":{"line":26,"column":7}}]}},"s":{"0":3,"1":3,"2":3,"3":3,"4":1,"5":1,"6":1,"7":2,"8":2,"9":2,"10":1,"11":1,"12":1,"13":0,"14":0,"15":3,"16":3},"f":{"0":1,"1":2},"b":{"0":[1]}}
,"/Users/usuario/prueba-tecnica/ruta-optima/src/core/application/services/GeolocalizarService.ts": {"path":"/Users/usuario/prueba-tecnica/ruta-optima/src/core/application/services/GeolocalizarService.ts","statementMap":{"0":{"start":{"line":1,"column":0},"end":{"line":1,"column":74}},"1":{"start":{"line":2,"column":0},"end":{"line":2,"column":70}},"2":{"start":{"line":6,"column":12},"end":{"line":6,"column":null}},"3":{"start":{"line":8,"column":6},"end":{"line":8,"column":63}},"4":{"start":{"line":5,"column":0},"end":{"line":5,"column":13}}},"fnMap":{"0":{"name":"(anonymous_0)","decl":{"start":{"line":5,"column":0},"end":{"line":5,"column":13}},"loc":{"start":{"line":5,"column":0},"end":{"line":10,"column":1}}},"1":{"name":"(anonymous_1)","decl":{"start":{"line":7,"column":4},"end":{"line":7,"column":9}},"loc":{"start":{"line":7,"column":47},"end":{"line":9,"column":5}}}},"branchMap":{},"s":{"0":3,"1":3,"2":2,"3":1,"4":3},"f":{"0":2,"1":1},"b":{}}
,"/Users/usuario/prueba-tecnica/ruta-optima/src/core/application/services/index.ts": {"path":"/Users/usuario/prueba-tecnica/ruta-optima/src/core/application/services/index.ts","statementMap":{"0":{"start":{"line":1,"column":0},"end":{"line":1,"column":42}}},"fnMap":{},"branchMap":{},"s":{"0":3},"f":{},"b":{}}
,"/Users/usuario/prueba-tecnica/ruta-optima/src/core/infrastructure/bd/adapter/Config.ts": {"path":"/Users/usuario/prueba-tecnica/ruta-optima/src/core/infrastructure/bd/adapter/Config.ts","statementMap":{"0":{"start":{"line":1,"column":0},"end":{"line":1,"column":28}},"1":{"start":{"line":2,"column":0},"end":{"line":2,"column":16}},"2":{"start":{"line":3,"column":0},"end":{"line":3,"column":57}},"3":{"start":{"line":6,"column":44},"end":{"line":16,"column":2}},"4":{"start":{"line":19,"column":19},"end":{"line":19,"column":30}},"5":{"start":{"line":20,"column":0},"end":{"line":20,"column":95}},"6":{"start":{"line":20,"column":76},"end":{"line":20,"column":93}},"7":{"start":{"line":21,"column":13},"end":{"line":21,"column":61}}},"fnMap":{"0":{"name":"(anonymous_1)","decl":{"start":{"line":20,"column":58},"end":{"line":20,"column":59}},"loc":{"start":{"line":20,"column":76},"end":{"line":20,"column":93}}}},"branchMap":{"0":{"loc":{"start":{"line":8,"column":10},"end":{"line":8,"column":66}},"type":"cond-expr","locations":[{"start":{"line":8,"column":32},"end":{"line":8,"column":59}},{"start":{"line":8,"column":62},"end":{"line":8,"column":66}}]}},"s":{"0":3,"1":3,"2":3,"3":3,"4":3,"5":3,"6":0,"7":3},"f":{"0":0},"b":{"0":[3,0]}}
,"/Users/usuario/prueba-tecnica/ruta-optima/src/core/infrastructure/bd/adapter/RedisConfig.ts": {"path":"/Users/usuario/prueba-tecnica/ruta-optima/src/core/infrastructure/bd/adapter/RedisConfig.ts","statementMap":{"0":{"start":{"line":2,"column":0},"end":{"line":2,"column":28}},"1":{"start":{"line":4,"column":12},"end":{"line":4,"column":129}},"2":{"start":{"line":5,"column":13},"end":{"line":7,"column":3}},"3":{"start":{"line":9,"column":0},"end":{"line":14,"column":3}},"4":{"start":{"line":10,"column":15},"end":{"line":10,"column":42}},"5":{"start":{"line":11,"column":2},"end":{"line":13,"column":3}},"6":{"start":{"line":12,"column":4},"end":{"line":12,"column":66}},"7":{"start":{"line":16,"column":0},"end":{"line":18,"column":3}},"8":{"start":{"line":17,"column":2},"end":{"line":17,"column":51}}},"fnMap":{"0":{"name":"(anonymous_1)","decl":{"start":{"line":9,"column":22},"end":{"line":9,"column":25}},"loc":{"start":{"line":9,"column":27},"end":{"line":14,"column":1}}},"1":{"name":"(anonymous_2)","decl":{"start":{"line":16,"column":20},"end":{"line":16,"column":25}},"loc":{"start":{"line":16,"column":39},"end":{"line":18,"column":1}}}},"branchMap":{"0":{"loc":{"start":{"line":6,"column":27},"end":{"line":6,"column":62}},"type":"binary-expr","locations":[{"start":{"line":6,"column":27},"end":{"line":6,"column":52}},{"start":{"line":6,"column":56},"end":{"line":6,"column":62}}]},"1":{"loc":{"start":{"line":11,"column":2},"end":{"line":13,"column":3}},"type":"if","locations":[{"start":{"line":11,"column":2},"end":{"line":13,"column":3}}]},"2":{"loc":{"start":{"line":17,"column":34},"end":{"line":17,"column":49}},"type":"binary-expr","locations":[{"start":{"line":17,"column":34},"end":{"line":17,"column":44}},{"start":{"line":17,"column":48},"end":{"line":17,"column":49}}]}},"s":{"0":3,"1":3,"2":3,"3":3,"4":3,"5":3,"6":0,"7":3,"8":0},"f":{"0":3,"1":0},"b":{"0":[3,0],"1":[0],"2":[0,0]}}
,"/Users/usuario/prueba-tecnica/ruta-optima/src/core/infrastructure/bd/repositories/CacheGenericDao.ts": {"path":"/Users/usuario/prueba-tecnica/ruta-optima/src/core/infrastructure/bd/repositories/CacheGenericDao.ts","statementMap":{"0":{"start":{"line":3,"column":0},"end":{"line":3,"column":74}},"1":{"start":{"line":4,"column":0},"end":{"line":4,"column":70}},"2":{"start":{"line":6,"column":0},"end":{"line":6,"column":39}},"3":{"start":{"line":10,"column":7},"end":{"line":68,"column":null}},"4":{"start":{"line":12,"column":12},"end":{"line":12,"column":84}},"5":{"start":{"line":14,"column":8},"end":{"line":24,"column":9}},"6":{"start":{"line":15,"column":26},"end":{"line":15,"column":51}},"7":{"start":{"line":16,"column":12},"end":{"line":18,"column":13}},"8":{"start":{"line":17,"column":16},"end":{"line":17,"column":28}},"9":{"start":{"line":19,"column":12},"end":{"line":19,"column":59}},"10":{"start":{"line":20,"column":12},"end":{"line":20,"column":37}},"11":{"start":{"line":22,"column":12},"end":{"line":22,"column":80}},"12":{"start":{"line":23,"column":12},"end":{"line":23,"column":43}},"13":{"start":{"line":28,"column":8},"end":{"line":33,"column":9}},"14":{"start":{"line":29,"column":12},"end":{"line":29,"column":60}},"15":{"start":{"line":31,"column":12},"end":{"line":31,"column":null}},"16":{"start":{"line":32,"column":12},"end":{"line":32,"column":43}},"17":{"start":{"line":10,"column":13},"end":{"line":10,"column":28}},"18":{"start":{"line":10,"column":13},"end":{"line":68,"column":null}}},"fnMap":{"0":{"name":"(anonymous_1)","decl":{"start":{"line":10,"column":7},"end":{"line":10,"column":13}},"loc":{"start":{"line":10,"column":7},"end":{"line":68,"column":1}}},"1":{"name":"(anonymous_2)","decl":{"start":{"line":13,"column":4},"end":{"line":13,"column":9}},"loc":{"start":{"line":13,"column":28},"end":{"line":25,"column":5}}},"2":{"name":"(anonymous_3)","decl":{"start":{"line":27,"column":4},"end":{"line":27,"column":9}},"loc":{"start":{"line":27,"column":42},"end":{"line":67,"column":5}}}},"branchMap":{"0":{"loc":{"start":{"line":16,"column":12},"end":{"line":18,"column":13}},"type":"if","locations":[{"start":{"line":16,"column":12},"end":{"line":18,"column":13}}]}},"s":{"0":3,"1":3,"2":3,"3":3,"4":2,"5":3,"6":3,"7":3,"8":3,"9":0,"10":0,"11":0,"12":0,"13":3,"14":3,"15":0,"16":0,"17":3,"18":3},"f":{"0":2,"1":3,"2":3},"b":{"0":[3]}}
,"/Users/usuario/prueba-tecnica/ruta-optima/src/core/infrastructure/bd/repositories/PgEnvioRepository.ts": {"path":"/Users/usuario/prueba-tecnica/ruta-optima/src/core/infrastructure/bd/repositories/PgEnvioRepository.ts","statementMap":{"0":{"start":{"line":4,"column":0},"end":{"line":4,"column":74}},"1":{"start":{"line":5,"column":0},"end":{"line":5,"column":70}},"2":{"start":{"line":8,"column":12},"end":{"line":10,"column":6}},"3":{"start":{"line":12,"column":22},"end":{"line":16,"column":10}},"4":{"start":{"line":18,"column":23},"end":{"line":18,"column":70}},"5":{"start":{"line":19,"column":8},"end":{"line":19,"column":null}},"6":{"start":{"line":7,"column":0},"end":{"line":7,"column":13}}},"fnMap":{"0":{"name":"(anonymous_0)","decl":{"start":{"line":7,"column":0},"end":{"line":7,"column":13}},"loc":{"start":{"line":7,"column":0},"end":{"line":21,"column":1}}},"1":{"name":"(anonymous_1)","decl":{"start":{"line":11,"column":4},"end":{"line":11,"column":9}},"loc":{"start":{"line":11,"column":50},"end":{"line":20,"column":5}}}},"branchMap":{},"s":{"0":3,"1":3,"2":2,"3":1,"4":1,"5":1,"6":3},"f":{"0":2,"1":1},"b":{}}
,"/Users/usuario/prueba-tecnica/ruta-optima/src/core/infrastructure/bd/repositories/PgEventoRepository.ts": {"path":"/Users/usuario/prueba-tecnica/ruta-optima/src/core/infrastructure/bd/repositories/PgEventoRepository.ts","statementMap":{"0":{"start":{"line":1,"column":0},"end":{"line":1,"column":74}},"1":{"start":{"line":3,"column":0},"end":{"line":3,"column":70}},"2":{"start":{"line":9,"column":10},"end":{"line":11,"column":4}},"3":{"start":{"line":13,"column":12},"end":{"line":30,"column":13}},"4":{"start":{"line":14,"column":26},"end":{"line":17,"column":22}},"5":{"start":{"line":18,"column":12},"end":{"line":26,"column":15}},"6":{"start":{"line":28,"column":12},"end":{"line":28,"column":56}},"7":{"start":{"line":29,"column":12},"end":{"line":29,"column":24}},"8":{"start":{"line":33,"column":12},"end":{"line":43,"column":13}},"9":{"start":{"line":34,"column":26},"end":{"line":36,"column":22}},"10":{"start":{"line":37,"column":12},"end":{"line":39,"column":15}},"11":{"start":{"line":41,"column":12},"end":{"line":41,"column":56}},"12":{"start":{"line":42,"column":12},"end":{"line":42,"column":24}},"13":{"start":{"line":46,"column":12},"end":{"line":54,"column":13}},"14":{"start":{"line":47,"column":26},"end":{"line":49,"column":22}},"15":{"start":{"line":50,"column":12},"end":{"line":50,"column":69}},"16":{"start":{"line":52,"column":12},"end":{"line":52,"column":56}},"17":{"start":{"line":53,"column":12},"end":{"line":53,"column":24}},"18":{"start":{"line":8,"column":0},"end":{"line":8,"column":13}}},"fnMap":{"0":{"name":"(anonymous_0)","decl":{"start":{"line":8,"column":0},"end":{"line":8,"column":13}},"loc":{"start":{"line":8,"column":0},"end":{"line":56,"column":1}}},"1":{"name":"(anonymous_1)","decl":{"start":{"line":12,"column":8},"end":{"line":12,"column":13}},"loc":{"start":{"line":12,"column":60},"end":{"line":31,"column":9}}},"2":{"name":"(anonymous_2)","decl":{"start":{"line":32,"column":8},"end":{"line":32,"column":13}},"loc":{"start":{"line":32,"column":51},"end":{"line":44,"column":9}}},"3":{"name":"(anonymous_3)","decl":{"start":{"line":45,"column":8},"end":{"line":45,"column":13}},"loc":{"start":{"line":45,"column":59},"end":{"line":55,"column":9}}}},"branchMap":{},"s":{"0":3,"1":3,"2":3,"3":1,"4":1,"5":1,"6":0,"7":0,"8":1,"9":1,"10":1,"11":0,"12":0,"13":1,"14":1,"15":1,"16":0,"17":0,"18":3},"f":{"0":3,"1":1,"2":1,"3":1},"b":{}}
,"/Users/usuario/prueba-tecnica/ruta-optima/src/core/infrastructure/bd/repositories/PgGeolocalizarRepository.ts": {"path":"/Users/usuario/prueba-tecnica/ruta-optima/src/core/infrastructure/bd/repositories/PgGeolocalizarRepository.ts","statementMap":{"0":{"start":{"line":4,"column":0},"end":{"line":4,"column":74}},"1":{"start":{"line":5,"column":0},"end":{"line":5,"column":70}},"2":{"start":{"line":6,"column":0},"end":{"line":6,"column":74}},"3":{"start":{"line":10,"column":10},"end":{"line":12,"column":4}},"4":{"start":{"line":14,"column":17},"end":{"line":14,"column":53}},"5":{"start":{"line":14,"column":39},"end":{"line":14,"column":52}},"6":{"start":{"line":15,"column":4},"end":{"line":15,"column":27}},"7":{"start":{"line":17,"column":26},"end":{"line":17,"column":89}},"8":{"start":{"line":17,"column":60},"end":{"line":17,"column":87}},"9":{"start":{"line":18,"column":4},"end":{"line":18,"column":28}},"10":{"start":{"line":20,"column":37},"end":{"line":20,"column":39}},"11":{"start":{"line":21,"column":39},"end":{"line":21,"column":41}},"12":{"start":{"line":22,"column":57},"end":{"line":27,"column":6}},"13":{"start":{"line":23,"column":6},"end":{"line":23,"column":44}},"14":{"start":{"line":23,"column":18},"end":{"line":23,"column":44}},"15":{"start":{"line":24,"column":6},"end":{"line":24,"column":33}},"16":{"start":{"line":25,"column":6},"end":{"line":25,"column":46}},"17":{"start":{"line":26,"column":6},"end":{"line":26,"column":18}},"18":{"start":{"line":29,"column":4},"end":{"line":39,"column":5}},"19":{"start":{"line":30,"column":29},"end":{"line":30,"column":100}},"20":{"start":{"line":30,"column":76},"end":{"line":30,"column":98}},"21":{"start":{"line":32,"column":6},"end":{"line":38,"column":10}},"22":{"start":{"line":33,"column":8},"end":{"line":37,"column":9}},"23":{"start":{"line":34,"column":22},"end":{"line":34,"column":45}},"24":{"start":{"line":35,"column":10},"end":{"line":35,"column":54}},"25":{"start":{"line":36,"column":10},"end":{"line":36,"column":59}},"26":{"start":{"line":41,"column":4},"end":{"line":41,"column":81}},"27":{"start":{"line":41,"column":48},"end":{"line":41,"column":62}},"28":{"start":{"line":9,"column":0},"end":{"line":9,"column":13}}},"fnMap":{"0":{"name":"(anonymous_0)","decl":{"start":{"line":9,"column":0},"end":{"line":9,"column":13}},"loc":{"start":{"line":9,"column":0},"end":{"line":43,"column":1}}},"1":{"name":"(anonymous_1)","decl":{"start":{"line":13,"column":2},"end":{"line":13,"column":7}},"loc":{"start":{"line":13,"column":40},"end":{"line":42,"column":3}}},"2":{"name":"(anonymous_2)","decl":{"start":{"line":14,"column":31},"end":{"line":14,"column":35}},"loc":{"start":{"line":14,"column":39},"end":{"line":14,"column":52}}},"3":{"name":"(anonymous_3)","decl":{"start":{"line":17,"column":53},"end":{"line":17,"column":56}},"loc":{"start":{"line":17,"column":60},"end":{"line":17,"column":87}}},"4":{"name":"(anonymous_4)","decl":{"start":{"line":22,"column":75},"end":{"line":22,"column":76}},"loc":{"start":{"line":22,"column":93},"end":{"line":27,"column":5}}},"5":{"name":"(anonymous_5)","decl":{"start":{"line":30,"column":68},"end":{"line":30,"column":72}},"loc":{"start":{"line":30,"column":76},"end":{"line":30,"column":98}}},"6":{"name":"(anonymous_6)","decl":{"start":{"line":32,"column":43},"end":{"line":32,"column":44}},"loc":{"start":{"line":32,"column":57},"end":{"line":38,"column":7}}},"7":{"name":"(anonymous_7)","decl":{"start":{"line":41,"column":39},"end":{"line":41,"column":44}},"loc":{"start":{"line":41,"column":48},"end":{"line":41,"column":62}}}},"branchMap":{"0":{"loc":{"start":{"line":23,"column":6},"end":{"line":23,"column":44}},"type":"if","locations":[{"start":{"line":23,"column":6},"end":{"line":23,"column":44}}]},"1":{"loc":{"start":{"line":29,"column":4},"end":{"line":39,"column":5}},"type":"if","locations":[{"start":{"line":29,"column":4},"end":{"line":39,"column":5}}]},"2":{"loc":{"start":{"line":33,"column":8},"end":{"line":37,"column":9}},"type":"if","locations":[{"start":{"line":33,"column":8},"end":{"line":37,"column":9}}]}},"s":{"0":3,"1":3,"2":3,"3":2,"4":1,"5":3,"6":1,"7":1,"8":3,"9":1,"10":1,"11":1,"12":1,"13":3,"14":0,"15":3,"16":3,"17":3,"18":1,"19":1,"20":3,"21":1,"22":3,"23":3,"24":3,"25":3,"26":1,"27":3,"28":3},"f":{"0":2,"1":1,"2":3,"3":3,"4":3,"5":3,"6":3,"7":3},"b":{"0":[0],"1":[1],"2":[3]}}
,"/Users/usuario/prueba-tecnica/ruta-optima/src/core/infrastructure/bd/repositories/PgRepartidorRepository.ts": {"path":"/Users/usuario/prueba-tecnica/ruta-optima/src/core/infrastructure/bd/repositories/PgRepartidorRepository.ts","statementMap":{"0":{"start":{"line":1,"column":0},"end":{"line":1,"column":74}},"1":{"start":{"line":3,"column":0},"end":{"line":3,"column":70}},"2":{"start":{"line":8,"column":12},"end":{"line":10,"column":6}},"3":{"start":{"line":12,"column":22},"end":{"line":15,"column":10}},"4":{"start":{"line":17,"column":23},"end":{"line":17,"column":64}},"5":{"start":{"line":18,"column":8},"end":{"line":18,"column":null}},"6":{"start":{"line":7,"column":0},"end":{"line":7,"column":13}}},"fnMap":{"0":{"name":"(anonymous_0)","decl":{"start":{"line":7,"column":0},"end":{"line":7,"column":13}},"loc":{"start":{"line":7,"column":0},"end":{"line":20,"column":1}}},"1":{"name":"(anonymous_1)","decl":{"start":{"line":11,"column":4},"end":{"line":11,"column":9}},"loc":{"start":{"line":11,"column":32},"end":{"line":19,"column":5}}}},"branchMap":{},"s":{"0":3,"1":3,"2":3,"3":1,"4":1,"5":1,"6":3},"f":{"0":3,"1":1},"b":{}}
,"/Users/usuario/prueba-tecnica/ruta-optima/src/core/infrastructure/bd/repositories/PgRutaRepository.ts": {"path":"/Users/usuario/prueba-tecnica/ruta-optima/src/core/infrastructure/bd/repositories/PgRutaRepository.ts","statementMap":{"0":{"start":{"line":3,"column":0},"end":{"line":3,"column":74}},"1":{"start":{"line":5,"column":0},"end":{"line":5,"column":70}},"2":{"start":{"line":9,"column":10},"end":{"line":11,"column":4}},"3":{"start":{"line":18,"column":4},"end":{"line":70,"column":5}},"4":{"start":{"line":19,"column":6},"end":{"line":19,"column":40}},"5":{"start":{"line":20,"column":24},"end":{"line":28,"column":14}},"6":{"start":{"line":30,"column":25},"end":{"line":34,"column":8}},"7":{"start":{"line":36,"column":21},"end":{"line":36,"column":39}},"8":{"start":{"line":37,"column":6},"end":{"line":37,"column":37}},"9":{"start":{"line":40,"column":6},"end":{"line":61,"column":7}},"10":{"start":{"line":41,"column":8},"end":{"line":60,"column":10}},"11":{"start":{"line":63,"column":6},"end":{"line":63,"column":41}},"12":{"start":{"line":66,"column":6},"end":{"line":66,"column":43}},"13":{"start":{"line":68,"column":6},"end":{"line":68,"column":43}},"14":{"start":{"line":69,"column":6},"end":{"line":69,"column":18}},"15":{"start":{"line":73,"column":22},"end":{"line":84,"column":6}},"16":{"start":{"line":86,"column":17},"end":{"line":86,"column":67}},"17":{"start":{"line":88,"column":4},"end":{"line":90,"column":5}},"18":{"start":{"line":89,"column":6},"end":{"line":89,"column":44}},"19":{"start":{"line":91,"column":24},"end":{"line":100,"column":6}},"20":{"start":{"line":102,"column":19},"end":{"line":102,"column":65}},"21":{"start":{"line":104,"column":30},"end":{"line":109,"column":7}},"22":{"start":{"line":104,"column":51},"end":{"line":109,"column":6}},"23":{"start":{"line":112,"column":4},"end":{"line":115,"column":6}},"24":{"start":{"line":120,"column":4},"end":{"line":140,"column":5}},"25":{"start":{"line":122,"column":22},"end":{"line":122,"column":77}},"26":{"start":{"line":123,"column":20},"end":{"line":128,"column":7}},"27":{"start":{"line":129,"column":21},"end":{"line":132,"column":8}},"28":{"start":{"line":133,"column":6},"end":{"line":135,"column":7}},"29":{"start":{"line":134,"column":8},"end":{"line":134,"column":30}},"30":{"start":{"line":136,"column":6},"end":{"line":136,"column":18}},"31":{"start":{"line":138,"column":6},"end":{"line":138,"column":57}},"32":{"start":{"line":139,"column":6},"end":{"line":139,"column":18}},"33":{"start":{"line":143,"column":4},"end":{"line":158,"column":5}},"34":{"start":{"line":144,"column":20},"end":{"line":148,"column":7}},"35":{"start":{"line":149,"column":21},"end":{"line":152,"column":8}},"36":{"start":{"line":153,"column":6},"end":{"line":155,"column":7}},"37":{"start":{"line":154,"column":8},"end":{"line":154,"column":30}},"38":{"start":{"line":157,"column":6},"end":{"line":157,"column":55}},"39":{"start":{"line":7,"column":0},"end":{"line":7,"column":13}}},"fnMap":{"0":{"name":"(anonymous_0)","decl":{"start":{"line":7,"column":0},"end":{"line":7,"column":13}},"loc":{"start":{"line":7,"column":0},"end":{"line":160,"column":1}}},"1":{"name":"(anonymous_1)","decl":{"start":{"line":12,"column":2},"end":{"line":12,"column":7}},"loc":{"start":{"line":16,"column":27},"end":{"line":71,"column":3}}},"2":{"name":"(anonymous_2)","decl":{"start":{"line":72,"column":2},"end":{"line":72,"column":7}},"loc":{"start":{"line":72,"column":40},"end":{"line":116,"column":3}}},"3":{"name":"(anonymous_3)","decl":{"start":{"line":104,"column":41},"end":{"line":104,"column":46}},"loc":{"start":{"line":104,"column":51},"end":{"line":109,"column":6}}},"4":{"name":"(anonymous_4)","decl":{"start":{"line":118,"column":2},"end":{"line":118,"column":7}},"loc":{"start":{"line":118,"column":49},"end":{"line":141,"column":3}}},"5":{"name":"(anonymous_5)","decl":{"start":{"line":142,"column":2},"end":{"line":142,"column":7}},"loc":{"start":{"line":142,"column":57},"end":{"line":159,"column":3}}}},"branchMap":{"0":{"loc":{"start":{"line":88,"column":4},"end":{"line":90,"column":5}},"type":"if","locations":[{"start":{"line":88,"column":4},"end":{"line":90,"column":5}}]},"1":{"loc":{"start":{"line":133,"column":6},"end":{"line":135,"column":7}},"type":"if","locations":[{"start":{"line":133,"column":6},"end":{"line":135,"column":7}}]},"2":{"loc":{"start":{"line":153,"column":6},"end":{"line":155,"column":7}},"type":"if","locations":[{"start":{"line":153,"column":6},"end":{"line":155,"column":7}}]}},"s":{"0":3,"1":3,"2":3,"3":1,"4":1,"5":1,"6":1,"7":1,"8":1,"9":1,"10":5,"11":1,"12":1,"13":0,"14":0,"15":2,"16":2,"17":2,"18":0,"19":2,"20":2,"21":2,"22":11,"23":2,"24":6,"25":6,"26":6,"27":6,"28":6,"29":3,"30":3,"31":0,"32":0,"33":1,"34":1,"35":1,"36":1,"37":0,"38":0,"39":3},"f":{"0":3,"1":1,"2":2,"3":11,"4":6,"5":1},"b":{"0":[0],"1":[3],"2":[0]}}
,"/Users/usuario/prueba-tecnica/ruta-optima/src/core/infrastructure/externalServices/GeocodingConfig.ts": {"path":"/Users/usuario/prueba-tecnica/ruta-optima/src/core/infrastructure/externalServices/GeocodingConfig.ts","statementMap":{"0":{"start":{"line":6,"column":0},"end":{"line":6,"column":7}},"1":{"start":{"line":3,"column":19},"end":{"line":3,"column":65}},"2":{"start":{"line":4,"column":15},"end":{"line":4,"column":29}},"3":{"start":{"line":8,"column":2},"end":{"line":21,"column":3}},"4":{"start":{"line":9,"column":21},"end":{"line":15,"column":6}},"5":{"start":{"line":16,"column":25},"end":{"line":16,"column":67}},"6":{"start":{"line":17,"column":4},"end":{"line":17,"column":43}},"7":{"start":{"line":19,"column":4},"end":{"line":19,"column":75}},"8":{"start":{"line":20,"column":4},"end":{"line":20,"column":null}}},"fnMap":{"0":{"name":"googleMapsClient","decl":{"start":{"line":6,"column":22},"end":{"line":6,"column":38}},"loc":{"start":{"line":6,"column":53},"end":{"line":22,"column":1}}}},"branchMap":{},"s":{"0":3,"1":3,"2":3,"3":3,"4":3,"5":3,"6":3,"7":0,"8":0},"f":{"0":3},"b":{}}
,"/Users/usuario/prueba-tecnica/ruta-optima/src/plugin/swagger.ts": {"path":"/Users/usuario/prueba-tecnica/ruta-optima/src/plugin/swagger.ts","statementMap":{"0":{"start":{"line":3,"column":0},"end":{"line":3,"column":54}},"1":{"start":{"line":5,"column":13},"end":{"line":26,"column":2}}},"fnMap":{},"branchMap":{"0":{"loc":{"start":{"line":19,"column":17},"end":{"line":19,"column":60}},"type":"cond-expr","locations":[{"start":{"line":19,"column":40},"end":{"line":19,"column":48}},{"start":{"line":19,"column":51},"end":{"line":19,"column":60}}]}},"s":{"0":3,"1":3},"f":{},"b":{"0":[0,3]}}
,"/Users/usuario/prueba-tecnica/ruta-optima/src/shared/errors/ErrorCode.ts": {"path":"/Users/usuario/prueba-tecnica/ruta-optima/src/shared/errors/ErrorCode.ts","statementMap":{"0":{"start":{"line":1,"column":0},"end":{"line":1,"column":null}},"1":{"start":{"line":2,"column":4},"end":{"line":2,"column":null}},"2":{"start":{"line":3,"column":4},"end":{"line":3,"column":null}},"3":{"start":{"line":4,"column":4},"end":{"line":4,"column":null}},"4":{"start":{"line":5,"column":4},"end":{"line":5,"column":null}},"5":{"start":{"line":6,"column":4},"end":{"line":6,"column":null}},"6":{"start":{"line":9,"column":0},"end":{"line":9,"column":null}},"7":{"start":{"line":10,"column":4},"end":{"line":10,"column":null}},"8":{"start":{"line":11,"column":4},"end":{"line":11,"column":null}},"9":{"start":{"line":12,"column":4},"end":{"line":12,"column":null}},"10":{"start":{"line":13,"column":4},"end":{"line":13,"column":null}},"11":{"start":{"line":14,"column":4},"end":{"line":14,"column":null}},"12":{"start":{"line":15,"column":4},"end":{"line":15,"column":null}},"13":{"start":{"line":16,"column":4},"end":{"line":16,"column":null}},"14":{"start":{"line":17,"column":4},"end":{"line":17,"column":null}},"15":{"start":{"line":18,"column":4},"end":{"line":18,"column":null}},"16":{"start":{"line":19,"column":4},"end":{"line":19,"column":null}},"17":{"start":{"line":20,"column":4},"end":{"line":20,"column":null}},"18":{"start":{"line":21,"column":4},"end":{"line":21,"column":null}},"19":{"start":{"line":22,"column":4},"end":{"line":22,"column":null}},"20":{"start":{"line":23,"column":4},"end":{"line":23,"column":null}},"21":{"start":{"line":24,"column":4},"end":{"line":24,"column":null}},"22":{"start":{"line":25,"column":4},"end":{"line":25,"column":null}},"23":{"start":{"line":26,"column":4},"end":{"line":26,"column":null}}},"fnMap":{"0":{"name":"(anonymous_0)","decl":{"start":{"line":1,"column":0},"end":{"line":1,"column":12}},"loc":{"start":{"line":1,"column":21},"end":{"line":7,"column":1}}},"1":{"name":"(anonymous_1)","decl":{"start":{"line":9,"column":0},"end":{"line":9,"column":12}},"loc":{"start":{"line":9,"column":22},"end":{"line":27,"column":1}}}},"branchMap":{"0":{"loc":{"start":{"line":1,"column":12},"end":{"line":1,"column":null}},"type":"binary-expr","locations":[{"start":{"line":1,"column":12},"end":{"line":1,"column":21}},{"start":{"line":1,"column":21},"end":{"line":1,"column":null}}]},"1":{"loc":{"start":{"line":9,"column":12},"end":{"line":9,"column":null}},"type":"binary-expr","locations":[{"start":{"line":9,"column":12},"end":{"line":9,"column":22}},{"start":{"line":9,"column":22},"end":{"line":9,"column":null}}]}},"s":{"0":3,"1":3,"2":3,"3":3,"4":3,"5":3,"6":3,"7":3,"8":3,"9":3,"10":3,"11":3,"12":3,"13":3,"14":3,"15":3,"16":3,"17":3,"18":3,"19":3,"20":3,"21":3,"22":3,"23":3},"f":{"0":3,"1":3},"b":{"0":[3,3],"1":[3,3]}}
,"/Users/usuario/prueba-tecnica/ruta-optima/src/shared/exceptions/Exceptions.ts": {"path":"/Users/usuario/prueba-tecnica/ruta-optima/src/shared/exceptions/Exceptions.ts","statementMap":{"0":{"start":{"line":1,"column":0},"end":{"line":1,"column":60}},"1":{"start":{"line":11,"column":8},"end":{"line":11,"column":28}},"2":{"start":{"line":12,"column":8},"end":{"line":12,"column":31}},"3":{"start":{"line":13,"column":8},"end":{"line":13,"column":25}},"4":{"start":{"line":14,"column":8},"end":{"line":14,"column":37}},"5":{"start":{"line":15,"column":8},"end":{"line":15,"column":35}},"6":{"start":{"line":3,"column":0},"end":{"line":3,"column":22}},"7":{"start":{"line":21,"column":8},"end":{"line":21,"column":68}},"8":{"start":{"line":19,"column":0},"end":{"line":19,"column":13}}},"fnMap":{"0":{"name":"(anonymous_0)","decl":{"start":{"line":10,"column":4},"end":{"line":10,"column":16}},"loc":{"start":{"line":10,"column":84},"end":{"line":16,"column":5}}},"1":{"name":"(anonymous_1)","decl":{"start":{"line":20,"column":4},"end":{"line":20,"column":16}},"loc":{"start":{"line":20,"column":46},"end":{"line":22,"column":5}}}},"branchMap":{"0":{"loc":{"start":{"line":15,"column":21},"end":{"line":15,"column":34}},"type":"binary-expr","locations":[{"start":{"line":15,"column":21},"end":{"line":15,"column":26}},{"start":{"line":15,"column":30},"end":{"line":15,"column":34}}]}},"s":{"0":3,"1":0,"2":0,"3":0,"4":0,"5":0,"6":3,"7":0,"8":3},"f":{"0":0,"1":0},"b":{"0":[0,0]}}
,"/Users/usuario/prueba-tecnica/ruta-optima/src/shared/validations/validator.ts": {"path":"/Users/usuario/prueba-tecnica/ruta-optima/src/shared/validations/validator.ts","statementMap":{"0":{"start":{"line":2,"column":0},"end":{"line":2,"column":63}},"1":{"start":{"line":7,"column":28},"end":{"line":18,"column":1}},"2":{"start":{"line":9,"column":4},"end":{"line":16,"column":5}},"3":{"start":{"line":10,"column":33},"end":{"line":10,"column":83}},"4":{"start":{"line":11,"column":8},"end":{"line":14,"column":9}},"5":{"start":{"line":12,"column":12},"end":{"line":12,"column":67}},"6":{"start":{"line":13,"column":12},"end":{"line":13,"column":101}},"7":{"start":{"line":15,"column":8},"end":{"line":15,"column":21}},"8":{"start":{"line":17,"column":4},"end":{"line":17,"column":42}},"9":{"start":{"line":7,"column":13},"end":{"line":7,"column":28}}},"fnMap":{"0":{"name":"(anonymous_0)","decl":{"start":{"line":7,"column":28},"end":{"line":7,"column":32}},"loc":{"start":{"line":7,"column":75},"end":{"line":18,"column":1}}}},"branchMap":{"0":{"loc":{"start":{"line":9,"column":4},"end":{"line":16,"column":5}},"type":"if","locations":[{"start":{"line":9,"column":4},"end":{"line":16,"column":5}}]},"1":{"loc":{"start":{"line":11,"column":8},"end":{"line":14,"column":9}},"type":"if","locations":[{"start":{"line":11,"column":8},"end":{"line":14,"column":9}}]}},"s":{"0":3,"1":3,"2":6,"3":6,"4":6,"5":0,"6":0,"7":6,"8":0,"9":3},"f":{"0":6},"b":{"0":[6],"1":[0]}}
,"/Users/usuario/prueba-tecnica/ruta-optima/src/util/Envs.ts": {"path":"/Users/usuario/prueba-tecnica/ruta-optima/src/util/Envs.ts","statementMap":{"0":{"start":{"line":1,"column":13},"end":{"line":1,"column":71}},"1":{"start":{"line":3,"column":13},"end":{"line":3,"column":51}},"2":{"start":{"line":4,"column":13},"end":{"line":4,"column":69}},"3":{"start":{"line":5,"column":13},"end":{"line":5,"column":77}},"4":{"start":{"line":7,"column":0},"end":{"line":7,"column":34}},"5":{"start":{"line":9,"column":13},"end":{"line":9,"column":75}},"6":{"start":{"line":10,"column":0},"end":{"line":10,"column":20}},"7":{"start":{"line":12,"column":13},"end":{"line":12,"column":52}},"8":{"start":{"line":14,"column":13},"end":{"line":15,"column":112}},"9":{"start":{"line":17,"column":13},"end":{"line":18,"column":120}},"10":{"start":{"line":20,"column":13},"end":{"line":21,"column":112}},"11":{"start":{"line":23,"column":0},"end":{"line":23,"column":20}}},"fnMap":{},"branchMap":{"0":{"loc":{"start":{"line":1,"column":24},"end":{"line":1,"column":70}},"type":"binary-expr","locations":[{"start":{"line":1,"column":24},"end":{"line":1,"column":59}},{"start":{"line":1,"column":63},"end":{"line":1,"column":70}}]},"1":{"loc":{"start":{"line":12,"column":20},"end":{"line":12,"column":51}},"type":"binary-expr","locations":[{"start":{"line":12,"column":20},"end":{"line":12,"column":36}},{"start":{"line":12,"column":40},"end":{"line":12,"column":51}}]},"2":{"loc":{"start":{"line":15,"column":4},"end":{"line":15,"column":111}},"type":"binary-expr","locations":[{"start":{"line":15,"column":4},"end":{"line":15,"column":36}},{"start":{"line":15,"column":40},"end":{"line":15,"column":111}}]},"3":{"loc":{"start":{"line":18,"column":4},"end":{"line":18,"column":119}},"type":"binary-expr","locations":[{"start":{"line":18,"column":4},"end":{"line":18,"column":33}},{"start":{"line":18,"column":37},"end":{"line":18,"column":119}}]},"4":{"loc":{"start":{"line":21,"column":4},"end":{"line":21,"column":111}},"type":"binary-expr","locations":[{"start":{"line":21,"column":4},"end":{"line":21,"column":37}},{"start":{"line":21,"column":41},"end":{"line":21,"column":111}}]}},"s":{"0":3,"1":3,"2":3,"3":3,"4":3,"5":3,"6":3,"7":3,"8":3,"9":3,"10":3,"11":3},"f":{},"b":{"0":[3,0],"1":[3,3],"2":[3,3],"3":[3,3],"4":[3,3]}}
,"/Users/usuario/prueba-tecnica/ruta-optima/test/crear-pg-mem.ts": {"path":"/Users/usuario/prueba-tecnica/ruta-optima/test/crear-pg-mem.ts","statementMap":{"0":{"start":{"line":1,"column":0},"end":{"line":1,"column":41}},"1":{"start":{"line":3,"column":0},"end":{"line":3,"column":20}},"2":{"start":{"line":4,"column":0},"end":{"line":4,"column":24}},"3":{"start":{"line":6,"column":23},"end":{"line":33,"column":1}},"4":{"start":{"line":7,"column":18},"end":{"line":7,"column":25}},"5":{"start":{"line":8,"column":4},"end":{"line":8,"column":42}},"6":{"start":{"line":10,"column":4},"end":{"line":21,"column":7}},"7":{"start":{"line":11,"column":21},"end":{"line":11,"column":81}},"8":{"start":{"line":12,"column":8},"end":{"line":12,"column":54}},"9":{"start":{"line":13,"column":8},"end":{"line":13,"column":48}},"10":{"start":{"line":14,"column":8},"end":{"line":14,"column":48}},"11":{"start":{"line":15,"column":8},"end":{"line":15,"column":51}},"12":{"start":{"line":17,"column":8},"end":{"line":19,"column":9}},"13":{"start":{"line":18,"column":12},"end":{"line":18,"column":45}},"14":{"start":{"line":20,"column":8},"end":{"line":20,"column":20}},"15":{"start":{"line":23,"column":4},"end":{"line":29,"column":5}},"16":{"start":{"line":24,"column":20},"end":{"line":24,"column":82}},"17":{"start":{"line":25,"column":26},"end":{"line":25,"column":88}},"18":{"start":{"line":26,"column":8},"end":{"line":26,"column":43}},"19":{"start":{"line":28,"column":8},"end":{"line":28,"column":75}},"20":{"start":{"line":30,"column":15},"end":{"line":30,"column":47}},"21":{"start":{"line":31,"column":4},"end":{"line":31,"column":17}},"22":{"start":{"line":32,"column":4},"end":{"line":32,"column":14}},"23":{"start":{"line":6,"column":13},"end":{"line":6,"column":23}}},"fnMap":{"0":{"name":"(anonymous_1)","decl":{"start":{"line":6,"column":23},"end":{"line":6,"column":26}},"loc":{"start":{"line":6,"column":28},"end":{"line":33,"column":1}}},"1":{"name":"(anonymous_2)","decl":{"start":{"line":10,"column":34},"end":{"line":10,"column":35}},"loc":{"start":{"line":10,"column":50},"end":{"line":21,"column":5}}}},"branchMap":{"0":{"loc":{"start":{"line":17,"column":8},"end":{"line":19,"column":9}},"type":"if","locations":[{"start":{"line":17,"column":8},"end":{"line":19,"column":9}}]}},"s":{"0":3,"1":3,"2":3,"3":3,"4":3,"5":3,"6":3,"7":30,"8":30,"9":30,"10":30,"11":30,"12":30,"13":3,"14":27,"15":3,"16":3,"17":3,"18":3,"19":0,"20":3,"21":3,"22":3,"23":3},"f":{"0":3,"1":30},"b":{"0":[3]}}
,"/Users/usuario/prueba-tecnica/ruta-optima/test/ioredis.mock.ts": {"path":"/Users/usuario/prueba-tecnica/ruta-optima/test/ioredis.mock.ts","statementMap":{"0":{"start":{"line":1,"column":14},"end":{"line":9,"column":5}},"1":{"start":{"line":1,"column":50},"end":{"line":9,"column":4}},"2":{"start":{"line":5,"column":6},"end":{"line":7,"column":7}},"3":{"start":{"line":6,"column":8},"end":{"line":6,"column":19}},"4":{"start":{"line":11,"column":2},"end":{"line":11,"column":23}}},"fnMap":{"0":{"name":"(anonymous_0)","decl":{"start":{"line":1,"column":43},"end":{"line":1,"column":46}},"loc":{"start":{"line":1,"column":50},"end":{"line":9,"column":4}}},"1":{"name":"(anonymous_1)","decl":{"start":{"line":4,"column":16},"end":{"line":4,"column":17}},"loc":{"start":{"line":4,"column":56},"end":{"line":8,"column":5}}}},"branchMap":{"0":{"loc":{"start":{"line":5,"column":6},"end":{"line":7,"column":7}},"type":"if","locations":[{"start":{"line":5,"column":6},"end":{"line":7,"column":7}}]}},"s":{"0":3,"1":3,"2":6,"3":3,"4":3},"f":{"0":3,"1":6},"b":{"0":[3]}}
}
