TN:
SF:src/app.ts
FN:14,(anonymous_1)
FN:20,(anonymous_2)
FNF:2
FNH:2
FNDA:7,(anonymous_1)
FNDA:2,(anonymous_2)
DA:1,3
DA:2,3
DA:3,3
DA:4,3
DA:5,3
DA:6,3
DA:7,3
DA:8,3
DA:9,3
DA:10,3
DA:11,3
DA:12,3
DA:13,3
DA:14,7
DA:17,3
DA:20,3
DA:21,2
DA:22,2
DA:24,0
DA:27,3
DA:29,3
DA:31,3
LF:22
LH:21
BRDA:18,0,0,3
BRDA:18,0,1,0
BRF:2
BRH:1
end_of_record
TN:
SF:src/api/middlewares/CommonMiddleware.ts
FN:8,(anonymous_1)
FN:22,(anonymous_2)
FNF:2
FNH:2
FNDA:3,(anonymous_1)
FNDA:7,(anonymous_2)
DA:2,3
DA:3,3
DA:4,3
DA:8,3
DA:9,3
DA:10,3
DA:11,3
DA:22,3
DA:23,7
DA:24,7
LF:10
LH:10
BRDA:26,0,0,7
BRDA:26,0,1,0
BRDA:32,1,0,7
BRDA:32,1,1,5
BRF:4
BRH:3
end_of_record
TN:
SF:src/api/routers/agregarEventoRouter.ts
FN:8,(anonymous_0)
FNF:1
FNH:1
FNDA:2,(anonymous_0)
DA:2,3
DA:3,3
DA:4,3
DA:6,3
DA:8,3
DA:9,2
DA:10,2
DA:11,2
DA:12,2
DA:13,1
DA:15,1
LF:11
LH:11
BRDA:12,0,0,1
BRF:1
BRH:1
end_of_record
TN:
SF:src/api/routers/calcularRutaOptimaRouter.ts
FN:8,(anonymous_0)
FN:18,(anonymous_1)
FNF:2
FNH:2
FNDA:2,(anonymous_0)
FNDA:2,(anonymous_1)
DA:2,3
DA:3,3
DA:4,3
DA:5,3
DA:8,3
DA:9,2
DA:10,2
DA:11,2
DA:12,2
DA:13,2
DA:15,0
DA:18,3
DA:19,2
DA:20,2
DA:21,2
DA:22,2
DA:23,2
DA:25,0
LF:18
LH:16
BRDA:12,0,0,2
BRDA:22,1,0,2
BRF:2
BRH:2
end_of_record
TN:
SF:src/api/routers/generarTokenRouter.ts
FN:3,(anonymous_0)
FNF:1
FNH:1
FNDA:1,(anonymous_0)
DA:3,3
DA:7,1
DA:8,1
DA:10,1
LF:4
LH:4
BRF:0
BRH:0
end_of_record
TN:
SF:src/api/routers/index.ts
FN:7,(anonymous_0)
FNF:1
FNH:1
FNDA:3,(anonymous_0)
DA:1,3
DA:2,3
DA:4,3
DA:7,3
DA:8,3
DA:9,3
DA:10,3
DA:11,3
LF:8
LH:8
BRF:0
BRH:0
end_of_record
TN:
SF:src/api/schemas/IEquipoInSchema.ts
FNF:0
FNH:0
DA:1,3
DA:4,3
LF:2
LH:2
BRF:0
BRH:0
end_of_record
TN:
SF:src/api/schemas/IEventoInSchema.ts
FNF:0
FNH:0
DA:2,3
DA:4,3
LF:2
LH:2
BRF:0
BRH:0
end_of_record
TN:
SF:src/configuration/DependecyContainer.ts
FN:18,(anonymous_0)
FNF:1
FNH:1
FNDA:3,(anonymous_0)
DA:1,3
DA:3,3
DA:4,3
DA:5,3
DA:6,3
DA:7,3
DA:8,3
DA:9,3
DA:10,3
DA:11,3
DA:12,3
DA:14,3
DA:15,3
DA:16,3
DA:18,3
DA:19,3
DA:20,3
DA:21,3
DA:22,3
DA:23,3
DA:24,3
DA:27,3
DA:30,3
DA:33,3
DA:36,3
DA:39,3
LF:26
LH:26
BRF:0
BRH:0
end_of_record
TN:
SF:src/configuration/TypesDependencies.ts
FNF:0
FNH:0
DA:1,3
LF:1
LH:1
BRF:0
BRH:0
end_of_record
TN:
SF:src/core/application/services/CalcularRutasAppService.ts
FN:15,(anonymous_1)
FN:30,(anonymous_2)
FN:47,(anonymous_3)
FN:53,(anonymous_4)
FN:57,(anonymous_5)
FN:62,(anonymous_6)
FN:74,(anonymous_7)
FN:75,(anonymous_8)
FN:76,(anonymous_9)
FN:83,(anonymous_10)
FN:123,(anonymous_11)
FN:124,(anonymous_12)
FN:127,(anonymous_13)
FN:133,(anonymous_14)
FN:134,(anonymous_15)
FNF:15
FNH:15
FNDA:2,(anonymous_1)
FNDA:2,(anonymous_2)
FNDA:3,(anonymous_3)
FNDA:3,(anonymous_4)
FNDA:3,(anonymous_5)
FNDA:4,(anonymous_6)
FNDA:1,(anonymous_7)
FNDA:1,(anonymous_8)
FNDA:4,(anonymous_9)
FNDA:1,(anonymous_10)
FNDA:1,(anonymous_11)
FNDA:5,(anonymous_12)
FNDA:2,(anonymous_13)
FNDA:1,(anonymous_14)
FNDA:1,(anonymous_15)
DA:1,3
DA:2,3
DA:4,3
DA:7,3
DA:10,3
DA:13,3
DA:15,3
DA:16,2
DA:19,2
DA:22,2
DA:25,2
DA:27,2
DA:31,2
DA:32,2
DA:33,2
DA:34,1
DA:36,1
DA:37,1
DA:38,1
DA:39,1
DA:45,1
DA:47,3
DA:48,1
DA:50,1
DA:51,1
DA:53,3
DA:57,3
DA:58,1
DA:60,1
DA:61,1
DA:62,4
DA:63,1
DA:65,1
DA:66,1
DA:67,1
DA:69,0
DA:70,0
DA:75,1
DA:76,4
DA:77,1
DA:79,1
DA:81,1
DA:83,1
DA:84,1
DA:85,0
DA:86,0
DA:87,0
DA:89,1
DA:90,0
DA:91,0
DA:92,0
DA:95,1
DA:97,1
DA:98,1
DA:99,1
DA:100,1
DA:101,1
DA:102,1
DA:104,0
DA:107,0
DA:108,0
DA:124,5
DA:128,2
DA:129,2
DA:130,2
DA:131,1
DA:132,1
DA:133,1
DA:134,1
DA:135,1
DA:136,1
DA:137,1
DA:139,0
DA:141,1
DA:144,0
DA:145,0
LF:76
LH:62
BRDA:33,0,0,1
BRDA:38,1,0,0
BRDA:38,2,0,1
BRDA:38,2,1,1
BRDA:40,3,0,1
BRDA:40,3,1,0
BRDA:41,4,0,1
BRDA:41,4,1,0
BRDA:43,5,0,1
BRDA:43,5,1,0
BRDA:53,6,0,3
BRDA:53,6,1,0
BRDA:53,7,0,3
BRDA:53,7,1,3
BRDA:60,8,0,0
BRDA:84,9,0,0
BRDA:89,10,0,0
BRDA:99,11,0,1
BRDA:99,11,1,0
BRDA:130,12,0,1
BRDA:130,12,1,1
BRDA:132,13,0,1
BRF:22
BRH:13
end_of_record
TN:
SF:src/core/application/services/EventoAppService.ts
FN:9,(anonymous_1)
FN:19,(anonymous_2)
FNF:2
FNH:2
FNDA:1,(anonymous_1)
FNDA:2,(anonymous_2)
DA:1,3
DA:2,3
DA:3,3
DA:9,3
DA:10,1
DA:13,1
DA:16,1
DA:21,2
DA:22,2
DA:23,2
DA:24,1
DA:25,1
DA:27,1
DA:29,0
DA:30,0
LF:15
LH:13
BRDA:23,0,0,1
BRF:1
BRH:1
end_of_record
TN:
SF:src/core/application/services/GeolocalizarService.ts
FN:5,(anonymous_0)
FN:7,(anonymous_1)
FNF:2
FNH:2
FNDA:2,(anonymous_0)
FNDA:1,(anonymous_1)
DA:1,3
DA:2,3
DA:5,3
DA:6,2
DA:8,1
LF:5
LH:5
BRF:0
BRH:0
end_of_record
TN:
SF:src/core/application/services/index.ts
FNF:0
FNH:0
DA:1,3
LF:1
LH:1
BRF:0
BRH:0
end_of_record
TN:
SF:src/core/infrastructure/bd/adapter/Config.ts
FN:20,(anonymous_1)
FNF:1
FNH:0
FNDA:0,(anonymous_1)
DA:1,3
DA:2,3
DA:3,3
DA:6,3
DA:19,3
DA:20,3
DA:21,3
LF:7
LH:7
BRDA:8,0,0,3
BRDA:8,0,1,0
BRF:2
BRH:1
end_of_record
TN:
SF:src/core/infrastructure/bd/adapter/RedisConfig.ts
FN:9,(anonymous_1)
FN:16,(anonymous_2)
FNF:2
FNH:1
FNDA:3,(anonymous_1)
FNDA:0,(anonymous_2)
DA:2,3
DA:4,3
DA:5,3
DA:9,3
DA:10,3
DA:11,3
DA:12,0
DA:16,3
DA:17,0
LF:9
LH:7
BRDA:6,0,0,3
BRDA:6,0,1,0
BRDA:11,1,0,0
BRDA:17,2,0,0
BRDA:17,2,1,0
BRF:5
BRH:1
end_of_record
TN:
SF:src/core/infrastructure/bd/repositories/CacheGenericDao.ts
FN:10,(anonymous_1)
FN:13,(anonymous_2)
FN:27,(anonymous_3)
FNF:3
FNH:3
FNDA:2,(anonymous_1)
FNDA:3,(anonymous_2)
FNDA:3,(anonymous_3)
DA:3,3
DA:4,3
DA:6,3
DA:10,3
DA:12,2
DA:14,3
DA:15,3
DA:16,3
DA:17,3
DA:19,0
DA:20,0
DA:22,0
DA:23,0
DA:28,3
DA:29,3
DA:31,0
DA:32,0
LF:17
LH:11
BRDA:16,0,0,3
BRF:1
BRH:1
end_of_record
TN:
SF:src/core/infrastructure/bd/repositories/PgEnvioRepository.ts
FN:7,(anonymous_0)
FN:11,(anonymous_1)
FNF:2
FNH:2
FNDA:2,(anonymous_0)
FNDA:1,(anonymous_1)
DA:4,3
DA:5,3
DA:7,3
DA:8,2
DA:12,1
DA:18,1
DA:19,1
LF:7
LH:7
BRF:0
BRH:0
end_of_record
TN:
SF:src/core/infrastructure/bd/repositories/PgEventoRepository.ts
FN:8,(anonymous_0)
FN:12,(anonymous_1)
FN:32,(anonymous_2)
FN:45,(anonymous_3)
FNF:4
FNH:4
FNDA:3,(anonymous_0)
FNDA:1,(anonymous_1)
FNDA:1,(anonymous_2)
FNDA:1,(anonymous_3)
DA:1,3
DA:3,3
DA:8,3
DA:9,3
DA:13,1
DA:14,1
DA:18,1
DA:28,0
DA:29,0
DA:33,1
DA:34,1
DA:37,1
DA:41,0
DA:42,0
DA:46,1
DA:47,1
DA:50,1
DA:52,0
DA:53,0
LF:19
LH:13
BRF:0
BRH:0
end_of_record
TN:
SF:src/core/infrastructure/bd/repositories/PgGeolocalizarRepository.ts
FN:9,(anonymous_0)
FN:13,(anonymous_1)
FN:14,(anonymous_2)
FN:17,(anonymous_3)
FN:22,(anonymous_4)
FN:30,(anonymous_5)
FN:32,(anonymous_6)
FN:41,(anonymous_7)
FNF:8
FNH:8
FNDA:2,(anonymous_0)
FNDA:1,(anonymous_1)
FNDA:3,(anonymous_2)
FNDA:3,(anonymous_3)
FNDA:3,(anonymous_4)
FNDA:3,(anonymous_5)
FNDA:3,(anonymous_6)
FNDA:3,(anonymous_7)
DA:4,3
DA:5,3
DA:6,3
DA:9,3
DA:10,2
DA:14,3
DA:15,1
DA:17,3
DA:18,1
DA:20,1
DA:21,1
DA:22,1
DA:23,3
DA:24,3
DA:25,3
DA:26,3
DA:29,1
DA:30,3
DA:32,1
DA:33,3
DA:34,3
DA:35,3
DA:36,3
DA:41,3
LF:24
LH:24
BRDA:23,0,0,0
BRDA:29,1,0,1
BRDA:33,2,0,3
BRF:3
BRH:2
end_of_record
TN:
SF:src/core/infrastructure/bd/repositories/PgRepartidorRepository.ts
FN:7,(anonymous_0)
FN:11,(anonymous_1)
FNF:2
FNH:2
FNDA:3,(anonymous_0)
FNDA:1,(anonymous_1)
DA:1,3
DA:3,3
DA:7,3
DA:8,3
DA:12,1
DA:17,1
DA:18,1
LF:7
LH:7
BRF:0
BRH:0
end_of_record
TN:
SF:src/core/infrastructure/bd/repositories/PgRutaRepository.ts
FN:7,(anonymous_0)
FN:12,(anonymous_1)
FN:72,(anonymous_2)
FN:104,(anonymous_3)
FN:118,(anonymous_4)
FN:142,(anonymous_5)
FNF:6
FNH:6
FNDA:3,(anonymous_0)
FNDA:1,(anonymous_1)
FNDA:2,(anonymous_2)
FNDA:11,(anonymous_3)
FNDA:6,(anonymous_4)
FNDA:1,(anonymous_5)
DA:3,3
DA:5,3
DA:7,3
DA:9,3
DA:18,1
DA:19,1
DA:20,1
DA:30,1
DA:36,1
DA:37,1
DA:40,1
DA:41,5
DA:63,1
DA:66,1
DA:68,0
DA:69,0
DA:73,2
DA:86,2
DA:88,2
DA:89,0
DA:91,2
DA:102,2
DA:104,11
DA:112,2
DA:120,6
DA:122,6
DA:123,6
DA:129,6
DA:133,6
DA:134,3
DA:136,3
DA:138,0
DA:139,0
DA:143,1
DA:144,1
DA:149,1
DA:153,1
DA:154,0
DA:157,0
LF:39
LH:32
BRDA:88,0,0,0
BRDA:133,1,0,3
BRDA:153,2,0,0
BRF:3
BRH:1
end_of_record
TN:
SF:src/core/infrastructure/externalServices/GeocodingConfig.ts
FN:6,googleMapsClient
FNF:1
FNH:1
FNDA:3,googleMapsClient
DA:3,3
DA:4,3
DA:6,3
DA:8,3
DA:9,3
DA:16,3
DA:17,3
DA:19,0
DA:20,0
LF:9
LH:7
BRF:0
BRH:0
end_of_record
TN:
SF:src/plugin/swagger.ts
FNF:0
FNH:0
DA:3,3
DA:5,3
LF:2
LH:2
BRDA:19,0,0,0
BRDA:19,0,1,3
BRF:2
BRH:1
end_of_record
TN:
SF:src/shared/errors/ErrorCode.ts
FN:1,(anonymous_0)
FN:9,(anonymous_1)
FNF:2
FNH:2
FNDA:3,(anonymous_0)
FNDA:3,(anonymous_1)
DA:1,3
DA:2,3
DA:3,3
DA:4,3
DA:5,3
DA:6,3
DA:9,3
DA:10,3
DA:11,3
DA:12,3
DA:13,3
DA:14,3
DA:15,3
DA:16,3
DA:17,3
DA:18,3
DA:19,3
DA:20,3
DA:21,3
DA:22,3
DA:23,3
DA:24,3
DA:25,3
DA:26,3
LF:24
LH:24
BRDA:1,0,0,3
BRDA:1,0,1,3
BRDA:9,1,0,3
BRDA:9,1,1,3
BRF:4
BRH:4
end_of_record
TN:
SF:src/shared/exceptions/Exceptions.ts
FN:10,(anonymous_0)
FN:20,(anonymous_1)
FNF:2
FNH:0
FNDA:0,(anonymous_0)
FNDA:0,(anonymous_1)
DA:1,3
DA:3,3
DA:11,0
DA:12,0
DA:13,0
DA:14,0
DA:15,0
DA:19,3
DA:21,0
LF:9
LH:3
BRDA:15,0,0,0
BRDA:15,0,1,0
BRF:2
BRH:0
end_of_record
TN:
SF:src/shared/validations/validator.ts
FN:7,(anonymous_0)
FNF:1
FNH:1
FNDA:6,(anonymous_0)
DA:2,3
DA:7,3
DA:9,6
DA:10,6
DA:11,6
DA:12,0
DA:13,0
DA:15,6
DA:17,0
LF:9
LH:6
BRDA:9,0,0,6
BRDA:11,1,0,0
BRF:2
BRH:1
end_of_record
TN:
SF:src/util/Envs.ts
FNF:0
FNH:0
DA:1,3
DA:3,3
DA:4,3
DA:5,3
DA:7,3
DA:9,3
DA:10,3
DA:12,3
DA:14,3
DA:17,3
DA:20,3
DA:23,3
LF:12
LH:12
BRDA:1,0,0,3
BRDA:1,0,1,0
BRDA:12,1,0,3
BRDA:12,1,1,3
BRDA:15,2,0,3
BRDA:15,2,1,3
BRDA:18,3,0,3
BRDA:18,3,1,3
BRDA:21,4,0,3
BRDA:21,4,1,3
BRF:10
BRH:9
end_of_record
TN:
SF:test/crear-pg-mem.ts
FN:6,(anonymous_1)
FN:10,(anonymous_2)
FNF:2
FNH:2
FNDA:3,(anonymous_1)
FNDA:30,(anonymous_2)
DA:1,3
DA:3,3
DA:4,3
DA:6,3
DA:7,3
DA:8,3
DA:10,3
DA:11,30
DA:12,30
DA:13,30
DA:14,30
DA:15,30
DA:17,30
DA:18,3
DA:20,27
DA:23,3
DA:24,3
DA:25,3
DA:26,3
DA:28,0
DA:30,3
DA:31,3
DA:32,3
LF:23
LH:22
BRDA:17,0,0,3
BRF:1
BRH:1
end_of_record
TN:
SF:test/ioredis.mock.ts
FN:1,(anonymous_0)
FN:4,(anonymous_1)
FNF:2
FNH:2
FNDA:3,(anonymous_0)
FNDA:6,(anonymous_1)
DA:1,3
DA:5,6
DA:6,3
DA:11,3
LF:4
LH:4
BRDA:5,0,0,3
BRF:1
BRH:1
end_of_record
